<?xml version="1.0" encoding="UTF-8"?>
<!-- Generated by org.testng.reporters.JUnitXMLReporter -->
<testsuite ignored="0" hostname="LAPTOP-J5E37TJF" failures="0" tests="5" name="Test" time="20.652" errors="0" timestamp="2022-08-25T11:05:35 IST">
  <testcase classname="test.LoginTest" name="verifyUrlOfPage" time="0.022"/>
  <testcase classname="test.LoginTest" name="verifyLoginPageIsDisplayed" time="0.339"/>
  <testcase classname="test.LoginTest" name="verifyLogin" time="3.038"/>
  <testcase classname="test.PimTest" name="verifyPimPage" time="2.825"/>
  <testcase classname="test.PimTest" name="verifyIdCheckBoxIsSelected" time="0.181"/>
</testsuite> <!-- Test -->
