<?xml version="1.0" encoding="UTF-8"?>
<testng-results ignored="0" total="5" passed="5" failed="0" skipped="0">
  <reporter-output>
  </reporter-output>
  <suite started-at="2022-08-25T11:05:14 IST" name="Suite" finished-at="2022-08-25T11:05:35 IST" duration-ms="20652">
    <groups>
      <group name="regression">
        <method signature="LoginTest.verifyLogin()[pri:2, instance:test.LoginTest@316bcf94]" name="verifyLogin" class="test.LoginTest"/>
      </group> <!-- regression -->
      <group name="smoke">
        <method signature="LoginTest.verifyLogin()[pri:2, instance:test.LoginTest@316bcf94]" name="verifyLogin" class="test.LoginTest"/>
        <method signature="LoginTest.verifyUrlOfPage()[pri:0, instance:test.LoginTest@316bcf94]" name="verifyUrlOfPage" class="test.LoginTest"/>
      </group> <!-- smoke -->
    </groups>
    <test started-at="2022-08-25T11:05:14 IST" name="Test" finished-at="2022-08-25T11:05:35 IST" duration-ms="20652">
      <class name="test.LoginTest">
        <test-method is-config="true" signature="launchBrowser()[pri:0, instance:test.LoginTest@316bcf94]" started-at="2022-08-25T11:05:14 IST" name="launchBrowser" finished-at="2022-08-25T11:05:22 IST" duration-ms="7145" status="PASS">
          <reporter-output>
          </reporter-output>
        </test-method> <!-- launchBrowser -->
        <test-method is-config="true" signature="pageObjects()[pri:0, instance:test.LoginTest@316bcf94]" started-at="2022-08-25T11:05:22 IST" name="pageObjects" finished-at="2022-08-25T11:05:22 IST" duration-ms="34" status="PASS">
          <reporter-output>
          </reporter-output>
        </test-method> <!-- pageObjects -->
        <test-method signature="verifyUrlOfPage()[pri:0, instance:test.LoginTest@316bcf94]" started-at="2022-08-25T11:05:22 IST" name="verifyUrlOfPage" finished-at="2022-08-25T11:05:22 IST" duration-ms="22" status="PASS">
          <reporter-output>
          </reporter-output>
        </test-method> <!-- verifyUrlOfPage -->
        <test-method signature="verifyLoginPageIsDisplayed()[pri:1, instance:test.LoginTest@316bcf94]" started-at="2022-08-25T11:05:22 IST" name="verifyLoginPageIsDisplayed" finished-at="2022-08-25T11:05:22 IST" duration-ms="339" status="PASS">
          <reporter-output>
          </reporter-output>
        </test-method> <!-- verifyLoginPageIsDisplayed -->
        <test-method signature="verifyLogin()[pri:2, instance:test.LoginTest@316bcf94]" started-at="2022-08-25T11:05:22 IST" name="verifyLogin" finished-at="2022-08-25T11:05:25 IST" duration-ms="3038" status="PASS">
          <reporter-output>
          </reporter-output>
        </test-method> <!-- verifyLogin -->
        <test-method is-config="true" signature="tearDownEnvirnment()[pri:0, instance:test.LoginTest@316bcf94]" started-at="2022-08-25T11:05:25 IST" name="tearDownEnvirnment" finished-at="2022-08-25T11:05:26 IST" duration-ms="680" status="PASS">
          <reporter-output>
          </reporter-output>
        </test-method> <!-- tearDownEnvirnment -->
      </class> <!-- test.LoginTest -->
      <class name="test.PimTest">
        <test-method is-config="true" signature="launchBrowser()[pri:0, instance:test.PimTest@82de64a]" started-at="2022-08-25T11:05:26 IST" name="launchBrowser" finished-at="2022-08-25T11:05:31 IST" duration-ms="5004" status="PASS">
          <reporter-output>
          </reporter-output>
        </test-method> <!-- launchBrowser -->
        <test-method is-config="true" signature="pageObjects()[pri:0, instance:test.PimTest@82de64a]" started-at="2022-08-25T11:05:31 IST" name="pageObjects" finished-at="2022-08-25T11:05:31 IST" duration-ms="1" status="PASS">
          <reporter-output>
          </reporter-output>
        </test-method> <!-- pageObjects -->
        <test-method is-config="true" signature="login()[pri:0, instance:test.PimTest@82de64a]" started-at="2022-08-25T11:05:31 IST" name="login" finished-at="2022-08-25T11:05:31 IST" duration-ms="604" status="PASS">
          <reporter-output>
          </reporter-output>
        </test-method> <!-- login -->
        <test-method signature="verifyPimPage()[pri:3, instance:test.PimTest@82de64a]" started-at="2022-08-25T11:05:31 IST" name="verifyPimPage" finished-at="2022-08-25T11:05:34 IST" duration-ms="2825" status="PASS">
          <reporter-output>
          </reporter-output>
        </test-method> <!-- verifyPimPage -->
        <test-method signature="verifyIdCheckBoxIsSelected()[pri:4, instance:test.PimTest@82de64a]" started-at="2022-08-25T11:05:34 IST" name="verifyIdCheckBoxIsSelected" finished-at="2022-08-25T11:05:34 IST" duration-ms="181" status="PASS">
          <reporter-output>
          </reporter-output>
        </test-method> <!-- verifyIdCheckBoxIsSelected -->
        <test-method is-config="true" signature="tearDownEnvirnment()[pri:0, instance:test.PimTest@82de64a]" started-at="2022-08-25T11:05:34 IST" name="tearDownEnvirnment" finished-at="2022-08-25T11:05:35 IST" duration-ms="727" status="PASS">
          <reporter-output>
          </reporter-output>
        </test-method> <!-- tearDownEnvirnment -->
      </class> <!-- test.PimTest -->
    </test> <!-- Test -->
  </suite> <!-- Suite -->
</testng-results>
